[debug] [2026-01-23T22:59:44.939Z] ----------------------------------------------------------------------
[debug] [2026-01-23T22:59:44.941Z] Command:       E:\node js\node.exe C:\Users\asier\AppData\Roaming\npm\node_modules\firebase-tools\lib\bin\firebase.js init hosting
[debug] [2026-01-23T22:59:44.942Z] CLI Version:   15.4.0
[debug] [2026-01-23T22:59:44.942Z] Platform:      win32
[debug] [2026-01-23T22:59:44.942Z] Node Version:  v20.10.0
[debug] [2026-01-23T22:59:44.942Z] Time:          Fri Jan 23 2026 23:59:44 GMT+0100 (hora estándar de Europa central)
[debug] [2026-01-23T22:59:44.942Z] ----------------------------------------------------------------------
[debug] 
[debug] [2026-01-23T22:59:44.944Z] >>> [apiv2][query] GET https://firebase-public.firebaseio.com/cli.json [none]
[info] 
     ######## #### ########  ######## ########     ###     ######  ########
     ##        ##  ##     ## ##       ##     ##  ##   ##  ##       ##
     ######    ##  ########  ######   ########  #########  ######  ######
     ##        ##  ##    ##  ##       ##     ## ##     ##       ## ##
     ##       #### ##     ## ######## ########  ##     ##  ######  ########

You're about to initialize a Firebase project in this directory:

  C:\Users\asier\Desktop\WEB YAY\YAYHUTCHINGS-1

[debug] [2026-01-23T23:00:03.793Z] <<< [apiv2][status] GET https://firebase-public.firebaseio.com/cli.json 200
[debug] [2026-01-23T23:00:03.793Z] <<< [apiv2][body] GET https://firebase-public.firebaseio.com/cli.json {"cloudBuildErrorAfter":1594252800000,"cloudBuildWarnAfter":1590019200000,"defaultNode10After":1594252800000,"minVersion":"3.0.5","node8DeploysDisabledAfter":1613390400000,"node8RuntimeDisabledAfter":1615809600000,"node8WarnAfter":1600128000000}
[info] 
=== Project Setup
[info] 
[info] First, let's associate this project directory with a Firebase project.
[info] You can create multiple project aliases by running firebase use --add, 
[info] 
[debug] [2026-01-23T23:00:18.666Z] > command requires scopes: ["email","openid","https://www.googleapis.com/auth/cloudplatformprojects.readonly","https://www.googleapis.com/auth/firebase","https://www.googleapis.com/auth/cloud-platform"]
[debug] [2026-01-23T23:00:18.666Z] > authorizing via signed-in user (dam32.asier.aparicio@gmail.com)
[debug] [2026-01-23T23:00:18.667Z] Checked if tokens are valid: false, expires at: 1704971066549
[debug] [2026-01-23T23:00:18.667Z] Checked if tokens are valid: false, expires at: 1704971066549
[debug] [2026-01-23T23:00:18.667Z] > refreshing access token with scopes: []
[debug] [2026-01-23T23:00:18.668Z] >>> [apiv2][query] POST https://www.googleapis.com/oauth2/v3/token [none]
[debug] [2026-01-23T23:00:18.668Z] >>> [apiv2][body] POST https://www.googleapis.com/oauth2/v3/token [omitted]
[debug] [2026-01-23T23:00:18.786Z] <<< [apiv2][status] POST https://www.googleapis.com/oauth2/v3/token 400
[debug] [2026-01-23T23:00:18.786Z] <<< [apiv2][body] POST https://www.googleapis.com/oauth2/v3/token [omitted]
[debug] [2026-01-23T23:00:18.786Z] >>> [apiv2][query] GET https://firebase.googleapis.com/v1beta1/projects pageSize=100
[debug] [2026-01-23T23:00:18.928Z] <<< [apiv2][status] GET https://firebase.googleapis.com/v1beta1/projects 401
[debug] [2026-01-23T23:00:18.928Z] <<< [apiv2][body] GET https://firebase.googleapis.com/v1beta1/projects [omitted]
[debug] [2026-01-23T23:00:18.928Z] Got a 401 Unauthenticated error for a call that required authentication. Refreshing tokens.
[debug] [2026-01-23T23:00:18.928Z] Checked if tokens are valid: false, expires at: 1704971066549
[debug] [2026-01-23T23:00:18.928Z] Checked if tokens are valid: false, expires at: 1704971066549
[debug] [2026-01-23T23:00:18.928Z] > refreshing access token with scopes: []
[debug] [2026-01-23T23:00:18.928Z] >>> [apiv2][query] POST https://www.googleapis.com/oauth2/v3/token [none]
[debug] [2026-01-23T23:00:18.928Z] >>> [apiv2][body] POST https://www.googleapis.com/oauth2/v3/token [omitted]
[debug] [2026-01-23T23:00:18.972Z] <<< [apiv2][status] POST https://www.googleapis.com/oauth2/v3/token 400
[debug] [2026-01-23T23:00:18.973Z] <<< [apiv2][body] POST https://www.googleapis.com/oauth2/v3/token [omitted]
[debug] [2026-01-23T23:00:18.973Z] Request to https://firebase.googleapis.com/v1beta1/projects?pageSize=100 had HTTP Error: 401, Request had invalid authentication credentials. Expected OAuth 2 access token, login cookie or other valid authentication credential. See https://developers.google.com/identity/sign-in/web/devconsole-project.
[debug] [2026-01-23T23:00:18.974Z] FirebaseError: Request to https://firebase.googleapis.com/v1beta1/projects?pageSize=100 had HTTP Error: 401, Request had invalid authentication credentials. Expected OAuth 2 access token, login cookie or other valid authentication credential. See https://developers.google.com/identity/sign-in/web/devconsole-project.
    at responseToError (C:\Users\asier\AppData\Roaming\npm\node_modules\firebase-tools\lib\responseToError.js:53:12)
    at RetryOperation._fn (C:\Users\asier\AppData\Roaming\npm\node_modules\firebase-tools\lib\apiv2.js:325:77)
    at process.processTicksAndRejections (node:internal/process/task_queues:95:5)
[error] 
[error] Error: Failed to list Firebase projects. See firebase-debug.log for more info.
[debug] [2026-01-23T23:00:27.164Z] ----------------------------------------------------------------------
[debug] [2026-01-23T23:00:27.166Z] Command:       E:\node js\node.exe C:\Users\asier\AppData\Roaming\npm\node_modules\firebase-tools\lib\bin\firebase.js init hosting
[debug] [2026-01-23T23:00:27.166Z] CLI Version:   15.4.0
[debug] [2026-01-23T23:00:27.167Z] Platform:      win32
[debug] [2026-01-23T23:00:27.167Z] Node Version:  v20.10.0
[debug] [2026-01-23T23:00:27.167Z] Time:          Sat Jan 24 2026 00:00:27 GMT+0100 (hora estándar de Europa central)
[debug] [2026-01-23T23:00:27.167Z] ----------------------------------------------------------------------
[debug] 
[info] 
     ######## #### ########  ######## ########     ###     ######  ########
     ##        ##  ##     ## ##       ##     ##  ##   ##  ##       ##
     ######    ##  ########  ######   ########  #########  ######  ######
     ##        ##  ##    ##  ##       ##     ## ##     ##       ## ##
     ##       #### ##     ## ######## ########  ##     ##  ######  ########

You're about to initialize a Firebase project in this directory:

  C:\Users\asier\Desktop\WEB YAY\YAYHUTCHINGS-1

[info] 
=== Project Setup
[info] 
[info] First, let's associate this project directory with a Firebase project.
[info] You can create multiple project aliases by running firebase use --add, 
[info] 
[info] i  If you want to create a project in a Google Cloud organization or folder, please use "firebase projects:create" instead, and return to this command when you've created the project. 
[debug] [2026-01-23T23:01:12.886Z] > command requires scopes: ["email","openid","https://www.googleapis.com/auth/cloudplatformprojects.readonly","https://www.googleapis.com/auth/firebase","https://www.googleapis.com/auth/cloud-platform"]
[debug] [2026-01-23T23:01:12.887Z] > authorizing via signed-in user (dam32.asier.aparicio@gmail.com)
[debug] [2026-01-23T23:01:25.483Z] Checked if tokens are valid: false, expires at: 1704971066549
[debug] [2026-01-23T23:01:25.484Z] Checked if tokens are valid: false, expires at: 1704971066549
[debug] [2026-01-23T23:01:25.484Z] > refreshing access token with scopes: []
[debug] [2026-01-23T23:01:25.485Z] >>> [apiv2][query] POST https://www.googleapis.com/oauth2/v3/token [none]
[debug] [2026-01-23T23:01:25.485Z] >>> [apiv2][body] POST https://www.googleapis.com/oauth2/v3/token [omitted]
[debug] [2026-01-23T23:01:25.600Z] <<< [apiv2][status] POST https://www.googleapis.com/oauth2/v3/token 400
[debug] [2026-01-23T23:01:25.600Z] <<< [apiv2][body] POST https://www.googleapis.com/oauth2/v3/token [omitted]
[debug] [2026-01-23T23:01:25.600Z] >>> [apiv2][query] POST https://firebase.googleapis.com/v1/projects:checkProjectId [none]
[debug] [2026-01-23T23:01:25.600Z] >>> [apiv2][body] POST https://firebase.googleapis.com/v1/projects:checkProjectId {"proposedId":"YayHutchings"}
[debug] [2026-01-23T23:01:25.700Z] <<< [apiv2][status] POST https://firebase.googleapis.com/v1/projects:checkProjectId 401
[debug] [2026-01-23T23:01:25.700Z] <<< [apiv2][body] POST https://firebase.googleapis.com/v1/projects:checkProjectId {"error":{"code":401,"message":"Request had invalid authentication credentials. Expected OAuth 2 access token, login cookie or other valid authentication credential. See https://developers.google.com/identity/sign-in/web/devconsole-project.","status":"UNAUTHENTICATED"}}
[debug] [2026-01-23T23:01:25.700Z] Got a 401 Unauthenticated error for a call that required authentication. Refreshing tokens.
[debug] [2026-01-23T23:01:25.700Z] Checked if tokens are valid: false, expires at: 1704971066549
[debug] [2026-01-23T23:01:25.700Z] Checked if tokens are valid: false, expires at: 1704971066549
[debug] [2026-01-23T23:01:25.700Z] > refreshing access token with scopes: []
[debug] [2026-01-23T23:01:25.701Z] >>> [apiv2][query] POST https://www.googleapis.com/oauth2/v3/token [none]
[debug] [2026-01-23T23:01:25.701Z] >>> [apiv2][body] POST https://www.googleapis.com/oauth2/v3/token [omitted]
[debug] [2026-01-23T23:01:25.742Z] <<< [apiv2][status] POST https://www.googleapis.com/oauth2/v3/token 400
[debug] [2026-01-23T23:01:25.742Z] <<< [apiv2][body] POST https://www.googleapis.com/oauth2/v3/token [omitted]
[debug] [2026-01-23T23:01:25.743Z] Couldn't check if project ID YayHutchings is available. Original error: FirebaseError: Failed to check if project ID is available. See firebase-debug.log for more info.
[debug] [2026-01-23T23:01:57.329Z] Checked if tokens are valid: false, expires at: 1704971066549
[debug] [2026-01-23T23:01:57.330Z] Checked if tokens are valid: false, expires at: 1704971066549
[debug] [2026-01-23T23:01:57.330Z] > refreshing access token with scopes: []
[debug] [2026-01-23T23:01:57.330Z] >>> [apiv2][query] POST https://www.googleapis.com/oauth2/v3/token [none]
[debug] [2026-01-23T23:01:57.330Z] >>> [apiv2][body] POST https://www.googleapis.com/oauth2/v3/token [omitted]
[debug] [2026-01-23T23:01:57.419Z] <<< [apiv2][status] POST https://www.googleapis.com/oauth2/v3/token 400
[debug] [2026-01-23T23:01:57.419Z] <<< [apiv2][body] POST https://www.googleapis.com/oauth2/v3/token [omitted]
[debug] [2026-01-23T23:01:57.419Z] >>> [apiv2][query] POST https://cloudresourcemanager.googleapis.com/v1/projects [none]
[debug] [2026-01-23T23:01:57.419Z] >>> [apiv2][body] POST https://cloudresourcemanager.googleapis.com/v1/projects {"projectId":"YayHutchings","name":"Yay-Hutchings"}
[debug] [2026-01-23T23:01:58.064Z] <<< [apiv2][status] POST https://cloudresourcemanager.googleapis.com/v1/projects 401
[debug] [2026-01-23T23:01:58.064Z] <<< [apiv2][body] POST https://cloudresourcemanager.googleapis.com/v1/projects {"error":{"code":401,"message":"Request had invalid authentication credentials. Expected OAuth 2 access token, login cookie or other valid authentication credential. See https://developers.google.com/identity/sign-in/web/devconsole-project.","status":"UNAUTHENTICATED","details":[{"@type":"type.googleapis.com/google.rpc.ErrorInfo","reason":"ACCESS_TOKEN_TYPE_UNSUPPORTED","metadata":{"method":"google.cloudresourcemanager.v1.Projects.CreateProject","service":"cloudresourcemanager.googleapis.com"}}]}}
[debug] [2026-01-23T23:01:58.064Z] Got a 401 Unauthenticated error for a call that required authentication. Refreshing tokens.
[debug] [2026-01-23T23:01:58.064Z] Checked if tokens are valid: false, expires at: 1704971066549
[debug] [2026-01-23T23:01:58.064Z] Checked if tokens are valid: false, expires at: 1704971066549
[debug] [2026-01-23T23:01:58.064Z] > refreshing access token with scopes: []
[debug] [2026-01-23T23:01:58.064Z] >>> [apiv2][query] POST https://www.googleapis.com/oauth2/v3/token [none]
[debug] [2026-01-23T23:01:58.064Z] >>> [apiv2][body] POST https://www.googleapis.com/oauth2/v3/token [omitted]
[debug] [2026-01-23T23:01:58.111Z] <<< [apiv2][status] POST https://www.googleapis.com/oauth2/v3/token 400
[debug] [2026-01-23T23:01:58.111Z] <<< [apiv2][body] POST https://www.googleapis.com/oauth2/v3/token [omitted]
[debug] [2026-01-23T23:01:58.112Z] FirebaseError: Request to https://cloudresourcemanager.googleapis.com/v1/projects had HTTP Error: 401, Request had invalid authentication credentials. Expected OAuth 2 access token, login cookie or other valid authentication credential. See https://developers.google.com/identity/sign-in/web/devconsole-project.
    at responseToError (C:\Users\asier\AppData\Roaming\npm\node_modules\firebase-tools\lib\responseToError.js:53:12)
    at RetryOperation._fn (C:\Users\asier\AppData\Roaming\npm\node_modules\firebase-tools\lib\apiv2.js:325:77)
    at process.processTicksAndRejections (node:internal/process/task_queues:95:5)
[error] 
[error] Error: Failed to create project. See firebase-debug.log for more info.
